(reset)
(attribute AGE 27)
(group (GroupID _1) (SuccessType OR))
(groupid-symptoms (GroupID _1) (symptom "Amnesia") )
(question (ID _1.1) (GroupID _1) )
(questionid-symptoms (QuestionID _1.1) (symptom "Amnesia") )
(group (GroupID _2) (SuccessType OR))
(question (ID _2.1) (GroupID _2) )
(questionid-symptoms (QuestionID _2.1) (symptom "Aphasia") )
(question (ID _2.2) (GroupID _2) )
(questionid-symptoms (QuestionID _2.2) (symptom "Apraxia") )
(question (ID _2.3) (GroupID _2) )
(questionid-symptoms (QuestionID _2.3) (symptom "Agnosia") )
(question (ID _2.4) (GroupID _2) )
(questionid-symptoms (QuestionID _2.4) (symptom "Executive dysfunction") )
(group (GroupID _3) (SuccessType OR))
(question (ID _3.1) (GroupID _3) )
(group (GroupID _4) (SuccessType OR))
(question (ID _4.1) (GroupID _4) )
(group (GroupID _5) (SuccessType OR))
(question (ID _5.1) (GroupID _5) )
(questionid-symptoms (QuestionID _5.1) (symptom "Parkinson’s disease") )
(question (ID _5.2) (GroupID _5) )
(questionid-symptoms (QuestionID _5.2) (symptom "Thyroid disorders") )
(question (ID _5.3) (GroupID _5) )
(questionid-symptoms (QuestionID _5.3) (symptom "Folate deficiency") )
(question (ID _5.4) (GroupID _5) )
(questionid-symptoms (QuestionID _5.4) (symptom "Electrolyte imbalance") )
(question (ID _5.5) (GroupID _5) )
(questionid-symptoms (QuestionID _5.5) (symptom "drug induced condition") )
(question (ID _5.6) (GroupID _5) )
(questionid-symptoms (QuestionID _5.6) (symptom "Psychiatric disorders") )
(group (GroupID _6) (SuccessType COUNT) (SuccessArg 8))
(groupid-symptoms (GroupID _6) (symptom "Fail Abbreivated Mental Test Score") )
(question (ID _6.1) (GroupID _6) )
(question (ID _6.2) (GroupID _6) )
(question (ID _6.3) (GroupID _6) )
(question (ID _6.4) (GroupID _6) )
(question (ID _6.5) (GroupID _6) )
(question (ID _6.6) (GroupID _6) )
(question (ID _6.7) (GroupID _6) )
(question (ID _6.8) (GroupID _6) )
(question (ID _6.9) (GroupID _6) )
(question (ID _6.10) (GroupID _6) )
(group (GroupID _7) (SuccessType OR))
(question (ID _7.1) (GroupID _7) )
(questionid-symptoms (QuestionID _7.1) (symptom "acute stroke") )
(question (ID _7.2) (GroupID _7) )
(questionid-symptoms (QuestionID _7.2) (symptom "subdural hematoma") )
(question (ID _7.3) (GroupID _7) )
(questionid-symptoms (QuestionID _7.3) (symptom "Unexplained neurological symptoms") )
(question (ID _7.4) (GroupID _7) )
(questionid-symptoms (QuestionID _7.4) (symptom "History associated with brain metastasis") )
(question (ID _7.5) (GroupID _7) )
(questionid-symptoms (QuestionID _7.5) (symptom "bleeding disorder") )
(question (ID _7.6) (GroupID _7) )
(questionid-symptoms (QuestionID _7.6) (symptom "urinary incontinence and gait disturbance early") )
(question (ID _7.7) (GroupID _7) )
(questionid-symptoms (QuestionID _7.7) (symptom "Acute onset of gait disturbance") )
(Navigation  (DestinationGroupID _6) (NavigationID _0) )
(Navigation (NavigationID N1) (DestinationGroupID _1) )
(NaviChildCritQuestion (NavigationID N1) (CriteriaGroupID _6) (CriteriaAnswer Yes))
(Navigation (NavigationID N2) (DestinationGroupID _1) )
(NaviChildCritQuestion (NavigationID N2) (CriteriaGroupID _6) (CriteriaAnswer No))
(Navigation (NavigationID N5) (RID R8) )
(NaviChildCritQuestion (NavigationID N5) (CriteriaGroupID _6) (CriteriaAnswer Yes))
(NaviChildCritQuestion (NavigationID N5) (CriteriaGroupID _1) (CriteriaAnswer No))
(NaviChildCritQuestion (NavigationID N5) (CriteriaGroupID _2) (CriteriaAnswer No))
(Navigation (NavigationID N6) (RID R9) )
(NaviChildCritQuestion (NavigationID N6) (CriteriaGroupID _1) (CriteriaAnswer No))
(NaviChildCritQuestion (NavigationID N6) (CriteriaGroupID _2) (CriteriaAnswer No))
(NaviChildCritQuestion (NavigationID N6) (CriteriaGroupID _6) (CriteriaAnswer No))
(Navigation (NavigationID N23.1) (DestinationGroupID _2) )
(NaviChildCritQuestion (NavigationID N23.1) (CriteriaGroupID _1) (CriteriaAnswer No))
(Navigation (NavigationID N12.1) (DestinationGroupID _2) )
(NaviChildCritQuestion (NavigationID N12.1) (CriteriaGroupID _1) (CriteriaAnswer Yes))
(Navigation (NavigationID N16.1) (DestinationGroupID _2) )
(NaviChildCritQuestion (NavigationID N16.1) (CriteriaGroupID _1) (CriteriaAnswer Yes))
(Navigation (NavigationID N6.1) (DestinationGroupID _2) )
(NaviChildCritQuestion (NavigationID N6.1) (CriteriaGroupID _1) (CriteriaAnswer Yes))
(Navigation (NavigationID N17.1) (DestinationGroupID _2) )
(NaviChildCritQuestion (NavigationID N17.1) (CriteriaGroupID _1) (CriteriaAnswer Yes))
(Navigation (NavigationID N21.1) (DestinationGroupID _2) )
(NaviChildCritQuestion (NavigationID N21.1) (CriteriaGroupID _1) (CriteriaAnswer Yes))
(Navigation (NavigationID N7.1) (DestinationGroupID _2) )
(NaviChildCritQuestion (NavigationID N7.1) (CriteriaGroupID _1) (CriteriaAnswer Yes))
(Navigation (NavigationID N10.1) (DestinationGroupID _2) )
(NaviChildCritQuestion (NavigationID N10.1) (CriteriaGroupID _1) (CriteriaAnswer Yes))
(Navigation (NavigationID N13.1) (DestinationGroupID _2) )
(NaviChildCritQuestion (NavigationID N13.1) (CriteriaGroupID _1) (CriteriaAnswer Yes))
(Navigation (NavigationID N20.1) (DestinationGroupID _2) )
(NaviChildCritQuestion (NavigationID N20.1) (CriteriaGroupID _1) (CriteriaAnswer Yes))
(Navigation (NavigationID N9.1) (DestinationGroupID _2) )
(NaviChildCritQuestion (NavigationID N9.1) (CriteriaGroupID _1) (CriteriaAnswer Yes))
(Navigation (NavigationID N15.1) (DestinationGroupID _2) )
(NaviChildCritQuestion (NavigationID N15.1) (CriteriaGroupID _1) (CriteriaAnswer Yes))
(Navigation (NavigationID N18.1) (DestinationGroupID _2) )
(NaviChildCritQuestion (NavigationID N18.1) (CriteriaGroupID _1) (CriteriaAnswer Yes))
(Navigation (NavigationID N22.1) (DestinationGroupID _2) )
(NaviChildCritQuestion (NavigationID N22.1) (CriteriaGroupID _1) (CriteriaAnswer No))
(Navigation (NavigationID N1.1) (DestinationGroupID _2) )
(NaviChildCritQuestion (NavigationID N1.1) (CriteriaGroupID _1) (CriteriaAnswer Yes))
(Navigation (NavigationID N4.1) (DestinationGroupID _2) )
(NaviChildCritQuestion (NavigationID N4.1) (CriteriaGroupID _1) (CriteriaAnswer Yes))
(Navigation (NavigationID N18.2) (DestinationGroupID _3) )
(NaviChildCritQuestion (NavigationID N18.2) (CriteriaGroupID _1) (CriteriaAnswer Yes))
(NaviChildCritQuestion (NavigationID N18.2) (CriteriaGroupID _2) (CriteriaAnswer Yes))
(Navigation (NavigationID N20.2) (DestinationGroupID _3) )
(NaviChildCritQuestion (NavigationID N20.2) (CriteriaGroupID _1) (CriteriaAnswer Yes))
(NaviChildCritQuestion (NavigationID N20.2) (CriteriaGroupID _2) (CriteriaAnswer Yes))
(Navigation (NavigationID N23.2) (DestinationGroupID _7) )
(NaviChildCritQuestion (NavigationID N23.2) (CriteriaGroupID _1) (CriteriaAnswer No))
(NaviChildCritQuestion (NavigationID N23.2) (CriteriaGroupID _2) (CriteriaAnswer Yes))
(Navigation (NavigationID N15.2) (DestinationGroupID _3) )
(NaviChildCritQuestion (NavigationID N15.2) (CriteriaGroupID _1) (CriteriaAnswer Yes))
(NaviChildCritQuestion (NavigationID N15.2) (CriteriaGroupID _2) (CriteriaAnswer Yes))
(Navigation (NavigationID N9.2) (DestinationGroupID _3) )
(NaviChildCritQuestion (NavigationID N9.2) (CriteriaGroupID _1) (CriteriaAnswer Yes))
(NaviChildCritQuestion (NavigationID N9.2) (CriteriaGroupID _2) (CriteriaAnswer Yes))
(Navigation (NavigationID N13.2) (DestinationGroupID _3) )
(NaviChildCritQuestion (NavigationID N13.2) (CriteriaGroupID _1) (CriteriaAnswer Yes))
(NaviChildCritQuestion (NavigationID N13.2) (CriteriaGroupID _2) (CriteriaAnswer Yes))
(Navigation (NavigationID N12.2) (DestinationGroupID _3) )
(NaviChildCritQuestion (NavigationID N12.2) (CriteriaGroupID _1) (CriteriaAnswer Yes))
(NaviChildCritQuestion (NavigationID N12.2) (CriteriaGroupID _2) (CriteriaAnswer Yes))
(Navigation (NavigationID N10.2) (DestinationGroupID _3) )
(NaviChildCritQuestion (NavigationID N10.2) (CriteriaGroupID _1) (CriteriaAnswer Yes))
(NaviChildCritQuestion (NavigationID N10.2) (CriteriaGroupID _2) (CriteriaAnswer Yes))
(Navigation (NavigationID N7.2) (DestinationGroupID _3) )
(NaviChildCritQuestion (NavigationID N7.2) (CriteriaGroupID _1) (CriteriaAnswer Yes))
(NaviChildCritQuestion (NavigationID N7.2) (CriteriaGroupID _2) (CriteriaAnswer Yes))
(Navigation (NavigationID N4.2) (DestinationGroupID _7) )
(NaviChildCritQuestion (NavigationID N4.2) (CriteriaGroupID _1) (CriteriaAnswer Yes))
(NaviChildCritQuestion (NavigationID N4.2) (CriteriaGroupID _2) (CriteriaAnswer No))
(Navigation (NavigationID N16.2) (DestinationGroupID _3) )
(NaviChildCritQuestion (NavigationID N16.2) (CriteriaGroupID _1) (CriteriaAnswer Yes))
(NaviChildCritQuestion (NavigationID N16.2) (CriteriaGroupID _2) (CriteriaAnswer Yes))
(Navigation (NavigationID N17.2) (DestinationGroupID _3) )
(NaviChildCritQuestion (NavigationID N17.2) (CriteriaGroupID _1) (CriteriaAnswer Yes))
(NaviChildCritQuestion (NavigationID N17.2) (CriteriaGroupID _2) (CriteriaAnswer Yes))
(Navigation (NavigationID N22.2) (DestinationGroupID _7) )
(NaviChildCritQuestion (NavigationID N22.2) (CriteriaGroupID _1) (CriteriaAnswer No))
(NaviChildCritQuestion (NavigationID N22.2) (CriteriaGroupID _2) (CriteriaAnswer Yes))
(Navigation (NavigationID N6.2) (DestinationGroupID _7) )
(NaviChildCritQuestion (NavigationID N6.2) (CriteriaGroupID _1) (CriteriaAnswer Yes))
(NaviChildCritQuestion (NavigationID N6.2) (CriteriaGroupID _2) (CriteriaAnswer No))
(Navigation (NavigationID N21.2) (DestinationGroupID _3) )
(NaviChildCritQuestion (NavigationID N21.2) (CriteriaGroupID _1) (CriteriaAnswer Yes))
(NaviChildCritQuestion (NavigationID N21.2) (CriteriaGroupID _2) (CriteriaAnswer Yes))
(Navigation (NavigationID N1.2) (DestinationGroupID _7) )
(NaviChildCritQuestion (NavigationID N1.2) (CriteriaGroupID _1) (CriteriaAnswer Yes))
(NaviChildCritQuestion (NavigationID N1.2) (CriteriaGroupID _2) (CriteriaAnswer No))
(Navigation (NavigationID N22.3) (RID R7) )
(NaviChildCritQuestion (NavigationID N22.3) (CriteriaGroupID _1) (CriteriaAnswer No))
(NaviChildCritQuestion (NavigationID N22.3) (CriteriaGroupID _2) (CriteriaAnswer Yes))
(NaviChildCritQuestion (NavigationID N22.3) (CriteriaGroupID _7) (CriteriaAnswer Yes))
(Navigation (NavigationID N7.3) (DestinationGroupID _7) )
(NaviChildCritQuestion (NavigationID N7.3) (CriteriaGroupID _1) (CriteriaAnswer Yes))
(NaviChildCritQuestion (NavigationID N7.3) (CriteriaGroupID _2) (CriteriaAnswer Yes))
(NaviChildCritQuestion (NavigationID N7.3) (CriteriaGroupID _3) (CriteriaAnswer No))
(Navigation (NavigationID N10.3) (DestinationGroupID _7) )
(NaviChildCritQuestion (NavigationID N10.3) (CriteriaGroupID _1) (CriteriaAnswer Yes))
(NaviChildCritQuestion (NavigationID N10.3) (CriteriaGroupID _2) (CriteriaAnswer Yes))
(NaviChildCritQuestion (NavigationID N10.3) (CriteriaGroupID _3) (CriteriaAnswer No))
(Navigation (NavigationID N13.3) (DestinationGroupID _4) )
(NaviChildCritQuestion (NavigationID N13.3) (CriteriaGroupID _1) (CriteriaAnswer Yes))
(NaviChildCritQuestion (NavigationID N13.3) (CriteriaGroupID _2) (CriteriaAnswer Yes))
(NaviChildCritQuestion (NavigationID N13.3) (CriteriaGroupID _3) (CriteriaAnswer Yes))
(Navigation (NavigationID N15.3) (DestinationGroupID _4) )
(NaviChildCritQuestion (NavigationID N15.3) (CriteriaGroupID _1) (CriteriaAnswer Yes))
(NaviChildCritQuestion (NavigationID N15.3) (CriteriaGroupID _2) (CriteriaAnswer Yes))
(NaviChildCritQuestion (NavigationID N15.3) (CriteriaGroupID _3) (CriteriaAnswer Yes))
(Navigation (NavigationID N12.3) (DestinationGroupID _4) )
(NaviChildCritQuestion (NavigationID N12.3) (CriteriaGroupID _1) (CriteriaAnswer Yes))
(NaviChildCritQuestion (NavigationID N12.3) (CriteriaGroupID _2) (CriteriaAnswer Yes))
(NaviChildCritQuestion (NavigationID N12.3) (CriteriaGroupID _3) (CriteriaAnswer Yes))
(Navigation (NavigationID N20.3) (DestinationGroupID _4) )
(NaviChildCritQuestion (NavigationID N20.3) (CriteriaGroupID _1) (CriteriaAnswer Yes))
(NaviChildCritQuestion (NavigationID N20.3) (CriteriaGroupID _2) (CriteriaAnswer Yes))
(NaviChildCritQuestion (NavigationID N20.3) (CriteriaGroupID _3) (CriteriaAnswer Yes))
(Navigation (NavigationID N9.3) (DestinationGroupID _7) )
(NaviChildCritQuestion (NavigationID N9.3) (CriteriaGroupID _1) (CriteriaAnswer Yes))
(NaviChildCritQuestion (NavigationID N9.3) (CriteriaGroupID _2) (CriteriaAnswer Yes))
(NaviChildCritQuestion (NavigationID N9.3) (CriteriaGroupID _3) (CriteriaAnswer No))
(Navigation (NavigationID N17.3) (DestinationGroupID _4) )
(NaviChildCritQuestion (NavigationID N17.3) (CriteriaGroupID _1) (CriteriaAnswer Yes))
(NaviChildCritQuestion (NavigationID N17.3) (CriteriaGroupID _2) (CriteriaAnswer Yes))
(NaviChildCritQuestion (NavigationID N17.3) (CriteriaGroupID _3) (CriteriaAnswer Yes))
(Navigation (NavigationID N16.3) (DestinationGroupID _4) )
(NaviChildCritQuestion (NavigationID N16.3) (CriteriaGroupID _1) (CriteriaAnswer Yes))
(NaviChildCritQuestion (NavigationID N16.3) (CriteriaGroupID _2) (CriteriaAnswer Yes))
(NaviChildCritQuestion (NavigationID N16.3) (CriteriaGroupID _3) (CriteriaAnswer Yes))
(Navigation (NavigationID N18.3) (DestinationGroupID _4) )
(NaviChildCritQuestion (NavigationID N18.3) (CriteriaGroupID _1) (CriteriaAnswer Yes))
(NaviChildCritQuestion (NavigationID N18.3) (CriteriaGroupID _2) (CriteriaAnswer Yes))
(NaviChildCritQuestion (NavigationID N18.3) (CriteriaGroupID _3) (CriteriaAnswer Yes))
(Navigation (NavigationID N4.3) (RID R1 R7) )
(NaviChildCritQuestion (NavigationID N4.3) (CriteriaGroupID _1) (CriteriaAnswer Yes))
(NaviChildCritQuestion (NavigationID N4.3) (CriteriaGroupID _2) (CriteriaAnswer No))
(NaviChildCritQuestion (NavigationID N4.3) (CriteriaGroupID _7) (CriteriaAnswer Yes))
(Navigation (NavigationID N21.3) (DestinationGroupID _4) )
(NaviChildCritQuestion (NavigationID N21.3) (CriteriaGroupID _1) (CriteriaAnswer Yes))
(NaviChildCritQuestion (NavigationID N21.3) (CriteriaGroupID _2) (CriteriaAnswer Yes))
(NaviChildCritQuestion (NavigationID N21.3) (CriteriaGroupID _3) (CriteriaAnswer Yes))
(Navigation (NavigationID N17.4) (DestinationGroupID _7) )
(NaviChildCritQuestion (NavigationID N17.4) (CriteriaGroupID _1) (CriteriaAnswer Yes))
(NaviChildCritQuestion (NavigationID N17.4) (CriteriaGroupID _2) (CriteriaAnswer Yes))
(NaviChildCritQuestion (NavigationID N17.4) (CriteriaGroupID _3) (CriteriaAnswer Yes))
(NaviChildCritQuestion (NavigationID N17.4) (CriteriaGroupID _4) (CriteriaAnswer Yes))
(Navigation (NavigationID N15.4) (DestinationGroupID _7) )
(NaviChildCritQuestion (NavigationID N15.4) (CriteriaGroupID _1) (CriteriaAnswer Yes))
(NaviChildCritQuestion (NavigationID N15.4) (CriteriaGroupID _2) (CriteriaAnswer Yes))
(NaviChildCritQuestion (NavigationID N15.4) (CriteriaGroupID _3) (CriteriaAnswer Yes))
(NaviChildCritQuestion (NavigationID N15.4) (CriteriaGroupID _4) (CriteriaAnswer No))
(Navigation (NavigationID N12.4) (DestinationGroupID _7) )
(NaviChildCritQuestion (NavigationID N12.4) (CriteriaGroupID _1) (CriteriaAnswer Yes))
(NaviChildCritQuestion (NavigationID N12.4) (CriteriaGroupID _2) (CriteriaAnswer Yes))
(NaviChildCritQuestion (NavigationID N12.4) (CriteriaGroupID _3) (CriteriaAnswer Yes))
(NaviChildCritQuestion (NavigationID N12.4) (CriteriaGroupID _4) (CriteriaAnswer No))
(Navigation (NavigationID N16.4) (DestinationGroupID _7) )
(NaviChildCritQuestion (NavigationID N16.4) (CriteriaGroupID _1) (CriteriaAnswer Yes))
(NaviChildCritQuestion (NavigationID N16.4) (CriteriaGroupID _2) (CriteriaAnswer Yes))
(NaviChildCritQuestion (NavigationID N16.4) (CriteriaGroupID _3) (CriteriaAnswer Yes))
(NaviChildCritQuestion (NavigationID N16.4) (CriteriaGroupID _4) (CriteriaAnswer Yes))
(Navigation (NavigationID N1.3) (RID R1) )
(NaviChildCritQuestion (NavigationID N1.3) (CriteriaGroupID _1) (CriteriaAnswer Yes))
(NaviChildCritQuestion (NavigationID N1.3) (CriteriaGroupID _2) (CriteriaAnswer No))
(NaviChildCritQuestion (NavigationID N1.3) (CriteriaGroupID _7) (CriteriaAnswer No))
(NaviChildCritAttribute (NavigationID N1.3) (AttributeName AGE) (AttributeValue 65) (AttributeCompareType >=) )
(Navigation (NavigationID N9.4) (RID R2 R6 R7) )
(NaviChildCritQuestion (NavigationID N9.4) (CriteriaGroupID _1) (CriteriaAnswer Yes))
(NaviChildCritQuestion (NavigationID N9.4) (CriteriaGroupID _2) (CriteriaAnswer Yes))
(NaviChildCritQuestion (NavigationID N9.4) (CriteriaGroupID _3) (CriteriaAnswer No))
(NaviChildCritQuestion (NavigationID N9.4) (CriteriaGroupID _7) (CriteriaAnswer Yes))
(Navigation (NavigationID N6.3) (RID R1 R7) )
(NaviChildCritQuestion (NavigationID N6.3) (CriteriaGroupID _1) (CriteriaAnswer Yes))
(NaviChildCritQuestion (NavigationID N6.3) (CriteriaGroupID _2) (CriteriaAnswer No))
(NaviChildCritQuestion (NavigationID N6.3) (CriteriaGroupID _7) (CriteriaAnswer No))
(NaviChildCritAttribute (NavigationID N6.3) (AttributeName AGE) (AttributeValue 65) (AttributeCompareType <) )
(Navigation (NavigationID N21.4) (DestinationGroupID _7) )
(NaviChildCritQuestion (NavigationID N21.4) (CriteriaGroupID _1) (CriteriaAnswer Yes))
(NaviChildCritQuestion (NavigationID N21.4) (CriteriaGroupID _2) (CriteriaAnswer Yes))
(NaviChildCritQuestion (NavigationID N21.4) (CriteriaGroupID _3) (CriteriaAnswer Yes))
(NaviChildCritQuestion (NavigationID N21.4) (CriteriaGroupID _4) (CriteriaAnswer Yes))
(Navigation (NavigationID N20.4) (DestinationGroupID _7) )
(NaviChildCritQuestion (NavigationID N20.4) (CriteriaGroupID _1) (CriteriaAnswer Yes))
(NaviChildCritQuestion (NavigationID N20.4) (CriteriaGroupID _2) (CriteriaAnswer Yes))
(NaviChildCritQuestion (NavigationID N20.4) (CriteriaGroupID _3) (CriteriaAnswer Yes))
(NaviChildCritQuestion (NavigationID N20.4) (CriteriaGroupID _4) (CriteriaAnswer Yes))
(Navigation (NavigationID N23.3) (RID R7) )
(NaviChildCritQuestion (NavigationID N23.3) (CriteriaGroupID _1) (CriteriaAnswer No))
(NaviChildCritQuestion (NavigationID N23.3) (CriteriaGroupID _2) (CriteriaAnswer Yes))
(NaviChildCritQuestion (NavigationID N23.3) (CriteriaGroupID _7) (CriteriaAnswer No))
(NaviChildCritAttribute (NavigationID N23.3) (AttributeName AGE) (AttributeValue 65) (AttributeCompareType <) )
(Navigation (NavigationID N18.4) (DestinationGroupID _7) )
(NaviChildCritQuestion (NavigationID N18.4) (CriteriaGroupID _1) (CriteriaAnswer Yes))
(NaviChildCritQuestion (NavigationID N18.4) (CriteriaGroupID _2) (CriteriaAnswer Yes))
(NaviChildCritQuestion (NavigationID N18.4) (CriteriaGroupID _3) (CriteriaAnswer Yes))
(NaviChildCritQuestion (NavigationID N18.4) (CriteriaGroupID _4) (CriteriaAnswer Yes))
(Navigation (NavigationID N13.4) (DestinationGroupID _7) )
(NaviChildCritQuestion (NavigationID N13.4) (CriteriaGroupID _1) (CriteriaAnswer Yes))
(NaviChildCritQuestion (NavigationID N13.4) (CriteriaGroupID _2) (CriteriaAnswer Yes))
(NaviChildCritQuestion (NavigationID N13.4) (CriteriaGroupID _3) (CriteriaAnswer Yes))
(NaviChildCritQuestion (NavigationID N13.4) (CriteriaGroupID _4) (CriteriaAnswer No))
(Navigation (NavigationID N21.5) (DestinationGroupID _5) )
(NaviChildCritQuestion (NavigationID N21.5) (CriteriaGroupID _1) (CriteriaAnswer Yes))
(NaviChildCritQuestion (NavigationID N21.5) (CriteriaGroupID _2) (CriteriaAnswer Yes))
(NaviChildCritQuestion (NavigationID N21.5) (CriteriaGroupID _3) (CriteriaAnswer Yes))
(NaviChildCritQuestion (NavigationID N21.5) (CriteriaGroupID _4) (CriteriaAnswer Yes))
(NaviChildCritQuestion (NavigationID N21.5) (CriteriaGroupID _7) (CriteriaAnswer No))
(Navigation (NavigationID N16.5) (DestinationGroupID _5) )
(NaviChildCritQuestion (NavigationID N16.5) (CriteriaGroupID _1) (CriteriaAnswer Yes))
(NaviChildCritQuestion (NavigationID N16.5) (CriteriaGroupID _2) (CriteriaAnswer Yes))
(NaviChildCritQuestion (NavigationID N16.5) (CriteriaGroupID _3) (CriteriaAnswer Yes))
(NaviChildCritQuestion (NavigationID N16.5) (CriteriaGroupID _4) (CriteriaAnswer Yes))
(NaviChildCritQuestion (NavigationID N16.5) (CriteriaGroupID _7) (CriteriaAnswer No))
(Navigation (NavigationID N17.5) (DestinationGroupID _5) )
(NaviChildCritQuestion (NavigationID N17.5) (CriteriaGroupID _1) (CriteriaAnswer Yes))
(NaviChildCritQuestion (NavigationID N17.5) (CriteriaGroupID _2) (CriteriaAnswer Yes))
(NaviChildCritQuestion (NavigationID N17.5) (CriteriaGroupID _3) (CriteriaAnswer Yes))
(NaviChildCritQuestion (NavigationID N17.5) (CriteriaGroupID _4) (CriteriaAnswer Yes))
(NaviChildCritQuestion (NavigationID N17.5) (CriteriaGroupID _7) (CriteriaAnswer No))
(Navigation (NavigationID N18.5) (RID R5 R7) )
(NaviChildCritQuestion (NavigationID N18.5) (CriteriaGroupID _1) (CriteriaAnswer Yes))
(NaviChildCritQuestion (NavigationID N18.5) (CriteriaGroupID _2) (CriteriaAnswer Yes))
(NaviChildCritQuestion (NavigationID N18.5) (CriteriaGroupID _3) (CriteriaAnswer Yes))
(NaviChildCritQuestion (NavigationID N18.5) (CriteriaGroupID _4) (CriteriaAnswer Yes))
(NaviChildCritQuestion (NavigationID N18.5) (CriteriaGroupID _7) (CriteriaAnswer Yes))
(Navigation (NavigationID N7.4) (RID R2 R6) )
(NaviChildCritQuestion (NavigationID N7.4) (CriteriaGroupID _1) (CriteriaAnswer Yes))
(NaviChildCritQuestion (NavigationID N7.4) (CriteriaGroupID _2) (CriteriaAnswer Yes))
(NaviChildCritQuestion (NavigationID N7.4) (CriteriaGroupID _3) (CriteriaAnswer No))
(NaviChildCritQuestion (NavigationID N7.4) (CriteriaGroupID _7) (CriteriaAnswer No))
(NaviChildCritAttribute (NavigationID N7.4) (AttributeName AGE) (AttributeValue 65) (AttributeCompareType <) )
(Navigation (NavigationID N10.4) (RID R2 R6 R7) )
(NaviChildCritQuestion (NavigationID N10.4) (CriteriaGroupID _1) (CriteriaAnswer Yes))
(NaviChildCritQuestion (NavigationID N10.4) (CriteriaGroupID _2) (CriteriaAnswer Yes))
(NaviChildCritQuestion (NavigationID N10.4) (CriteriaGroupID _3) (CriteriaAnswer No))
(NaviChildCritQuestion (NavigationID N10.4) (CriteriaGroupID _7) (CriteriaAnswer No))
(NaviChildCritAttribute (NavigationID N10.4) (AttributeName AGE) (AttributeValue 65) (AttributeCompareType <) )
(Navigation (NavigationID N20.5) (DestinationGroupID _5) )
(NaviChildCritQuestion (NavigationID N20.5) (CriteriaGroupID _1) (CriteriaAnswer Yes))
(NaviChildCritQuestion (NavigationID N20.5) (CriteriaGroupID _2) (CriteriaAnswer Yes))
(NaviChildCritQuestion (NavigationID N20.5) (CriteriaGroupID _3) (CriteriaAnswer Yes))
(NaviChildCritQuestion (NavigationID N20.5) (CriteriaGroupID _4) (CriteriaAnswer Yes))
(NaviChildCritQuestion (NavigationID N20.5) (CriteriaGroupID _7) (CriteriaAnswer No))
(Navigation (NavigationID N13.5) (RID R3 R6 R7) )
(NaviChildCritQuestion (NavigationID N13.5) (CriteriaGroupID _1) (CriteriaAnswer Yes))
(NaviChildCritQuestion (NavigationID N13.5) (CriteriaGroupID _2) (CriteriaAnswer Yes))
(NaviChildCritQuestion (NavigationID N13.5) (CriteriaGroupID _3) (CriteriaAnswer Yes))
(NaviChildCritQuestion (NavigationID N13.5) (CriteriaGroupID _4) (CriteriaAnswer No))
(NaviChildCritQuestion (NavigationID N13.5) (CriteriaGroupID _7) (CriteriaAnswer Yes))
(Navigation (NavigationID N15.5) (RID R3 R6 R7) )
(NaviChildCritQuestion (NavigationID N15.5) (CriteriaGroupID _1) (CriteriaAnswer Yes))
(NaviChildCritQuestion (NavigationID N15.5) (CriteriaGroupID _2) (CriteriaAnswer Yes))
(NaviChildCritQuestion (NavigationID N15.5) (CriteriaGroupID _3) (CriteriaAnswer Yes))
(NaviChildCritQuestion (NavigationID N15.5) (CriteriaGroupID _4) (CriteriaAnswer No))
(NaviChildCritQuestion (NavigationID N15.5) (CriteriaGroupID _7) (CriteriaAnswer No))
(NaviChildCritAttribute (NavigationID N15.5) (AttributeName AGE) (AttributeValue 65) (AttributeCompareType <) )
(Navigation (NavigationID N12.5) (RID R3 R6) )
(NaviChildCritQuestion (NavigationID N12.5) (CriteriaGroupID _1) (CriteriaAnswer Yes))
(NaviChildCritQuestion (NavigationID N12.5) (CriteriaGroupID _2) (CriteriaAnswer Yes))
(NaviChildCritQuestion (NavigationID N12.5) (CriteriaGroupID _3) (CriteriaAnswer Yes))
(NaviChildCritQuestion (NavigationID N12.5) (CriteriaGroupID _4) (CriteriaAnswer No))
(NaviChildCritQuestion (NavigationID N12.5) (CriteriaGroupID _7) (CriteriaAnswer No))
(NaviChildCritAttribute (NavigationID N12.5) (AttributeName AGE) (AttributeValue 65) (AttributeCompareType <) )
(Navigation (NavigationID N17.6) (RID R6 R7 R4) )
(NaviChildCritQuestion (NavigationID N17.6) (CriteriaGroupID _1) (CriteriaAnswer Yes))
(NaviChildCritQuestion (NavigationID N17.6) (CriteriaGroupID _2) (CriteriaAnswer Yes))
(NaviChildCritQuestion (NavigationID N17.6) (CriteriaGroupID _3) (CriteriaAnswer Yes))
(NaviChildCritQuestion (NavigationID N17.6) (CriteriaGroupID _4) (CriteriaAnswer Yes))
(NaviChildCritQuestion (NavigationID N17.6) (CriteriaGroupID _7) (CriteriaAnswer No))
(NaviChildCritQuestion (NavigationID N17.6) (CriteriaGroupID _5) (CriteriaAnswer No))
(NaviChildCritAttribute (NavigationID N17.6) (AttributeName AGE) (AttributeValue 65) (AttributeCompareType <) )
(Navigation (NavigationID N16.6) (RID R6 R4) )
(NaviChildCritQuestion (NavigationID N16.6) (CriteriaGroupID _1) (CriteriaAnswer Yes))
(NaviChildCritQuestion (NavigationID N16.6) (CriteriaGroupID _2) (CriteriaAnswer Yes))
(NaviChildCritQuestion (NavigationID N16.6) (CriteriaGroupID _3) (CriteriaAnswer Yes))
(NaviChildCritQuestion (NavigationID N16.6) (CriteriaGroupID _4) (CriteriaAnswer Yes))
(NaviChildCritQuestion (NavigationID N16.6) (CriteriaGroupID _7) (CriteriaAnswer No))
(NaviChildCritQuestion (NavigationID N16.6) (CriteriaGroupID _5) (CriteriaAnswer No))
(NaviChildCritAttribute (NavigationID N16.6) (AttributeName AGE) (AttributeValue 65) (AttributeCompareType <) )
(Navigation (NavigationID N21.6) (RID R5) )
(NaviChildCritQuestion (NavigationID N21.6) (CriteriaGroupID _1) (CriteriaAnswer Yes))
(NaviChildCritQuestion (NavigationID N21.6) (CriteriaGroupID _2) (CriteriaAnswer Yes))
(NaviChildCritQuestion (NavigationID N21.6) (CriteriaGroupID _3) (CriteriaAnswer Yes))
(NaviChildCritQuestion (NavigationID N21.6) (CriteriaGroupID _4) (CriteriaAnswer Yes))
(NaviChildCritQuestion (NavigationID N21.6) (CriteriaGroupID _7) (CriteriaAnswer No))
(NaviChildCritQuestion (NavigationID N21.6) (CriteriaGroupID _5) (CriteriaAnswer Yes))
(NaviChildCritAttribute (NavigationID N21.6) (AttributeName AGE) (AttributeValue 65) (AttributeCompareType >=) )
(Navigation (NavigationID N20.6) (RID R5 R7) )
(NaviChildCritQuestion (NavigationID N20.6) (CriteriaGroupID _1) (CriteriaAnswer Yes))
(NaviChildCritQuestion (NavigationID N20.6) (CriteriaGroupID _2) (CriteriaAnswer Yes))
(NaviChildCritQuestion (NavigationID N20.6) (CriteriaGroupID _3) (CriteriaAnswer Yes))
(NaviChildCritQuestion (NavigationID N20.6) (CriteriaGroupID _4) (CriteriaAnswer Yes))
(NaviChildCritQuestion (NavigationID N20.6) (CriteriaGroupID _7) (CriteriaAnswer No))
(NaviChildCritQuestion (NavigationID N20.6) (CriteriaGroupID _5) (CriteriaAnswer Yes))
(NaviChildCritAttribute (NavigationID N20.6) (AttributeName AGE) (AttributeValue 65) (AttributeCompareType <) )
