(reset)
(group (GroupID _1) (SuccessType COUNT) (SuccessArg 9))
(question (ID _1.1) (GroupID _1) (QuestionText "Patient have problems with judgment (e.g. falls for scams, bad financial decisions, buys gifts inappropriate for recipients)") (Score 1) )
(questionid-symptoms (GroupID _1) (negation Yes) (QuestionID _1.1) (symptom "Problems with judgement") )
(question (ID _1.2) (GroupID _1) (QuestionText "Patient has reduced interest in hobbies/activities") (Score 1) )
(questionid-symptoms (GroupID _1) (negation Yes) (QuestionID _1.2) (symptom "Reduced interest in hobbies/activities") )
(question (ID _1.3) (GroupID _1) (QuestionText "Patient often repeats questions, stories or statements") (Score 1) )
(questionid-symptoms (GroupID _1) (negation Yes) (QuestionID _1.3) (symptom "Repeating questions, stories or statements") )
(question (ID _1.4) (GroupID _1) (QuestionText "Patient has trouble learning how to use a tool, appliance or gadget (e.g. VCR, computer, microwave, remote control)") (Score 1) )
(questionid-symptoms (GroupID _1) (negation Yes) (QuestionID _1.4) (symptom "Trouble learning using tool, appliance or gadget") )
(question (ID _1.5) (GroupID _1) (QuestionText "Patient often forgets correct month or year") (Score 1) )
(questionid-symptoms (GroupID _1) (negation Yes) (QuestionID _1.5) (symptom "Forgetful") )
(question (ID _1.6) (GroupID _1) (QuestionText "Patient has difficulties when handling complicated financial affairs (e.g. balancing checkbook, income taxes, paying bills)") (Score 1) )
(questionid-symptoms (GroupID _1) (negation Yes) (QuestionID _1.6) (symptom "Difficulties when handling complicated financial affairs") )
(question (ID _1.7) (GroupID _1) (QuestionText "Patient has difficulty with remembering appointments") (Score 1) )
(questionid-symptoms (GroupID _1) (negation Yes) (QuestionID _1.7) (symptom "Difficulty with remembering appointments") )
(question (ID _1.8) (GroupID _1) (QuestionText "Patient encounters consistent problems with thinking and/or memory") (Score 1) )
(questionid-symptoms (GroupID _1) (negation Yes) (QuestionID _1.8) (symptom "Consistent problems with thinking and/or memory") )
(question (ID _1.9) (GroupID _1) (QuestionText "Can the patient copy the intersecting pentagon as shown below") (Score 1) )
(question (ID _1.10) (GroupID _1) (QuestionText "Can the patient recall the word Key?") (Score 1) )
(question (ID _1.11) (GroupID _1) (QuestionText "Can the patient recall the word Lemon?") (Score 1) )
(question (ID _1.12) (GroupID _1) (QuestionText "Can the patient recall the word Balloon?") (Score 1) )
(candidate-diagnosis (RID R1) (Header "A Brief Dementia Test with Subjective") (Comment "The development of an effective brief dementia test will help in the early identification of dementia.  Aim: This study investigates the diagnostic utility of a brief cognitive test for dementia which combines a short subjective informant-rated questionnaire (AD8) with an objective cognitive measure (Mini-Mental State Examination, MMSE) or its subcomponents.") (Link "http://www.karger.com/Article/FullText/438455"))
(candidate-diagnosis (RID R34) (Header "Improbable Cognitive Impairment") (Comment "Patient have passed the assessment, Patient is unlikely to have any form of cognitive impairment") )
(candidate-diagnosis (RID R2) (Header "Sig. Cognitive Decline, Probable Cognitive Impairment") (Comment "Patient failed the AD8 and MSME partial test, There is significant cognitive decline and there is probable cognitive impairment, please proceed to use Aid for Dementia Diagnosis for a detailed assessment") (Link "http://add.ktph.com.sg"))
(Navigation  (DestinationGroupID _1) (NavigationID _0) )
(Navigation (NavigationID N1.1) (RID R34) )
(NaviChildCritQuestion (NavigationID N1.1) (CriteriaGroupID _1) (CriteriaAnswer Yes))
(Navigation (NavigationID N2.1) (RID R2) )
(NaviChildCritQuestion (NavigationID N2.1) (CriteriaGroupID _1) (CriteriaAnswer No))
(attribute AGE 0)
(choice _1.1 No)
(choice _1.2 No)
(choice _1.3 No)
(choice _1.4 No)
(choice _1.5 Yes)
(choice _1.6 No)
(choice _1.7 No)
(choice _1.8 Yes)
(choice _1.9 Yes)
(choice _1.10 No)
(choice _1.11 No)
(choice _1.12 No)
(next)
